2024-01-28 21:05:45,217  com.nopCommerceapplication.testcases.Baseclass url is opened  
2024-01-28 21:05:45,499  com.nopCommerceapplication.testcases.Baseclass username is passed  
2024-01-28 21:05:45,622  com.nopCommerceapplication.testcases.Baseclass password is passed  
2024-01-28 21:05:46,735  com.nopCommerceapplication.testcases.Baseclass clicked on login  
2024-01-28 21:05:47,972  com.nopCommerceapplication.testcases.Baseclass home page is displayed  
2024-01-28 21:05:50,272  com.nopCommerceapplication.testcases.Baseclass url is opened  
2024-01-28 21:05:50,482  com.nopCommerceapplication.testcases.Baseclass username is passed  
2024-01-28 21:05:50,637  com.nopCommerceapplication.testcases.Baseclass password is passed  
2024-01-28 21:05:51,064  com.nopCommerceapplication.testcases.Baseclass clicked on login  
2024-01-28 21:05:51,109  com.nopCommerceapplication.testcases.Baseclass error meeasge is displayed  
2024-01-28 21:05:53,891  com.nopCommerceapplication.testcases.Baseclass url is opened  
2024-01-28 21:05:54,106  com.nopCommerceapplication.testcases.Baseclass username is passed  
2024-01-28 21:05:54,254  com.nopCommerceapplication.testcases.Baseclass password is passed  
2024-01-28 21:05:54,634  com.nopCommerceapplication.testcases.Baseclass clicked on login  
2024-01-28 21:05:54,684  com.nopCommerceapplication.testcases.Baseclass error meeasge is displayed  
2024-01-28 21:05:57,526  com.nopCommerceapplication.testcases.Baseclass url is opened  
2024-01-28 21:05:57,694  com.nopCommerceapplication.testcases.Baseclass username is passed  
2024-01-28 21:05:57,832  com.nopCommerceapplication.testcases.Baseclass password is passed  
2024-01-28 21:05:57,928  com.nopCommerceapplication.testcases.Baseclass error meeasge is displayed  
2024-01-28 21:06:00,162  com.nopCommerceapplication.testcases.Baseclass url is opened  
2024-01-28 21:06:00,411  com.nopCommerceapplication.testcases.Baseclass User name is entered  
2024-01-28 21:06:00,524  com.nopCommerceapplication.testcases.Baseclass password is passed  
2024-01-28 21:06:01,604  com.nopCommerceapplication.testcases.Baseclass clicked on login  
2024-01-28 21:06:03,496  com.nopCommerceapplication.testcases.Baseclass clicked on orders  
2024-01-28 21:06:10,907  com.nopCommerceapplication.testcases.Baseclass all details are entered  
2024-01-28 21:06:17,756  com.nopCommerceapplication.testcases.Baseclass url is opened  
2024-01-28 21:06:17,975  com.nopCommerceapplication.testcases.Baseclass User name is entered  
2024-01-28 21:06:18,125  com.nopCommerceapplication.testcases.Baseclass password  is entered  
2024-01-28 21:06:19,153  com.nopCommerceapplication.testcases.Baseclass clicked on Login  
2024-01-28 21:06:28,860  com.nopCommerceapplication.testcases.Baseclass url is opened  
2024-01-28 21:06:29,053  com.nopCommerceapplication.testcases.Baseclass username is passed  
2024-01-28 21:06:29,207  com.nopCommerceapplication.testcases.Baseclass password is passed  
2024-01-28 21:06:30,890  com.nopCommerceapplication.testcases.Baseclass home page is displayed  
2024-01-28 21:06:33,112  com.nopCommerceapplication.testcases.Baseclass url is opened  
2024-01-28 21:06:33,293  com.nopCommerceapplication.testcases.Baseclass username is passed  
2024-01-28 21:06:33,416  com.nopCommerceapplication.testcases.Baseclass password is passed  
2024-01-28 21:06:36,143  com.nopCommerceapplication.testcases.Baseclass url is opened  
2024-01-28 21:06:36,317  com.nopCommerceapplication.testcases.Baseclass username is passed  
2024-01-28 21:06:36,460  com.nopCommerceapplication.testcases.Baseclass password is passed  
2024-01-28 21:06:39,277  com.nopCommerceapplication.testcases.Baseclass url is opened  
2024-01-28 21:06:41,626  com.nopCommerceapplication.testcases.Baseclass url is opened  
